[00:00:16] [Server thread/INFO]: ElRamirez203 was shot by Skeleton
[00:00:57] [Server thread/INFO]: andrex17[/127.235.48.164:42295] logged in with entity id 8248 at (13.300000011920929, 109.0, 7.699999988079071)
[00:00:57] [Server thread/INFO]: andrex17 joined the game
[00:10:44] [Server thread/INFO]: andrex17 has made the advancement [Acquire Hardware]
[00:10:44] [Server thread/INFO]: ElRamirez203 has made the advancement [Acquire Hardware]
[00:10:49] [Server thread/INFO]: andrex17 has made the advancement [Suit Up]
[00:11:01] [Server thread/INFO]: ElRamirez203 has made the advancement [Suit Up]
[00:11:48] [Server thread/INFO]: andrex17 has made the advancement [Isn't It Iron Pick]
[00:15:32] [Server thread/INFO]: andrex17 has made the advancement [Diamonds!]
[00:15:35] [Server thread/INFO]: ElRamirez203 has made the advancement [Not Today, Thank You]
[00:17:37] [Server thread/INFO]: andrex17 has made the advancement [Monster Hunter]
[00:22:07] [Server thread/INFO]: ElRamirez203 was slain by Enderman
[00:22:52] [Server thread/WARN]: andrex17 moved too quickly! 9.9445289153675,1.127890238205488,0.9382016482661015
[00:26:53] [Server thread/INFO]: ElRamirez203 fell from a high place
[00:26:57] [Server thread/INFO]: andrex17 has made the advancement [Not Today, Thank You]
[00:28:07] [Server thread/INFO]: Tupamaro69 has made the advancement [Not Today, Thank You]
[00:51:30] [Server thread/INFO]: Tupamaro69 has made the advancement [Sweet Dreams]
[00:52:34] [Server thread/INFO]: andrex17 has made the advancement [Sweet Dreams]
[00:52:55] [Server thread/INFO]: ElRamirez203 has made the advancement [Sweet Dreams]
[01:02:09] [Server thread/INFO]: andrex17 has made the advancement [Ice Bucket Challenge]
[01:04:11] [Server thread/INFO]: ElRamirez203 has made the advancement [Isn't It Iron Pick]
[01:14:38] [Server thread/INFO]: Tupamaro69 has made the advancement [We Need to Go Deeper]
[01:15:09] [Server thread/INFO]: andrex17 has made the advancement [We Need to Go Deeper]
[01:18:46] [Server thread/INFO]: andrex17 has made the advancement [Those Were the Days]
[01:19:13] [Server thread/INFO]: Tupamaro69 has made the advancement [Those Were the Days]
